<?xml version="1.0" encoding="UTF-8"?>
<testsuite xmlns:xsi="http://www.w3.org/2001/XMLSchema-instance" xsi:noNamespaceSchemaLocation="https://maven.apache.org/surefire/maven-surefire-plugin/xsd/surefire-test-report-3.0.xsd" version="3.0" name="dev.tsdb.jdbc.IntegrationTest" time="0.703" tests="7" errors="0" skipped="0" failures="0">
  <properties>
[...]
</properties>
  <testcase name="driverRegistered" classname="dev.tsdb.jdbc.IntegrationTest" time="0.008"/>
  <testcase name="metadataShape" classname="dev.tsdb.jdbc.IntegrationTest" time="0.001"/>
  <testcase name="listDatabases" classname="dev.tsdb.jdbc.IntegrationTest" time="0.063"/>
  <testcase name="ddlRoundTrip" classname="dev.tsdb.jdbc.IntegrationTest" time="0.252"/>
  <testcase name="preparedStatementSubstitution" classname="dev.tsdb.jdbc.IntegrationTest" time="0.065"/>
  <testcase name="errorsSurfaceAsSQLException" classname="dev.tsdb.jdbc.IntegrationTest" time="0.065"/>
  <testcase name="readOnlyRefusesMutation" classname="dev.tsdb.jdbc.IntegrationTest" time="0.002"/>
</testsuite>